<?xml version="1.0" encoding="UTF-8"?>
<!-- Generated by org.testng.reporters.JUnitReportReporter -->
<testsuite hostname="LAP-R90RBHWR" failures="0" tests="2" name="petStoreECommerce.TestRunner" time="14.051" errors="0" timestamp="2024-12-04T15:11:29 WET" skipped="0">
  <testcase classname="petStoreECommerce.TestRunner" name="runScenario" time="5.049"/>
  <system-out/>
  <testcase classname="petStoreECommerce.TestRunner" name="runScenario" time="9.002"/>
  <system-out/>
</testsuite> <!-- petStoreECommerce.TestRunner -->
